  [1m[35m (26.3ms)[0m  [1m[35mCREATE DATABASE "app_test" ENCODING = 'unicode'[0m
Started GET "/" for ::1 at 2026-01-18 17:27:22 -0300
  [1m[35m (4.9ms)[0m  [1m[35mCREATE TABLE "schema_migrations" ("version" character varying NOT NULL PRIMARY KEY)[0m
  [1m[35m (2.2ms)[0m  [1m[35mCREATE TABLE "ar_internal_metadata" ("key" character varying NOT NULL PRIMARY KEY, "value" character varying, "created_at" timestamp(6) NOT NULL, "updated_at" timestamp(6) NOT NULL)[0m
  [1m[36mActiveRecord::SchemaMigration Load (0.6ms)[0m  [1m[34mSELECT "schema_migrations"."version" FROM "schema_migrations" ORDER BY "schema_migrations"."version" ASC[0m
Processing by Rails::WelcomeController#index as HTML
  Rendering /home/fneto/.rbenv/versions/3.2.3/lib/ruby/gems/3.2.0/gems/railties-7.1.6/lib/rails/templates/rails/welcome/index.html.erb
  Rendered /home/fneto/.rbenv/versions/3.2.3/lib/ruby/gems/3.2.0/gems/railties-7.1.6/lib/rails/templates/rails/welcome/index.html.erb (Duration: 1.0ms | Allocations: 379)
Completed 200 OK in 111ms (Views: 11.2ms | ActiveRecord: 0.0ms | Allocations: 7908)


Started GET "/service-worker.js" for ::1 at 2026-01-18 17:27:24 -0300
  
ActionController::RoutingError (No route matches [GET] "/service-worker.js"):
  
  [1m[35m (0.2ms)[0m  [1m[34mSELECT pg_try_advisory_lock(368301832781117235)[0m
  [1m[36mActiveRecord::SchemaMigration Load (0.6ms)[0m  [1m[34mSELECT "schema_migrations"."version" FROM "schema_migrations" ORDER BY "schema_migrations"."version" ASC[0m
  [1m[36mActiveRecord::InternalMetadata Load (0.6ms)[0m  [1m[34mSELECT * FROM "ar_internal_metadata" WHERE "ar_internal_metadata"."key" = $1 ORDER BY "ar_internal_metadata"."key" ASC LIMIT 1[0m  [[nil, "environment"]]
  [1m[36mActiveRecord::InternalMetadata Create (0.7ms)[0m  [1m[32mINSERT INTO "ar_internal_metadata" ("key", "value", "created_at", "updated_at") VALUES ('environment', 'development', '2026-01-18 20:40:52.030514', '2026-01-18 20:40:52.030517') RETURNING "key"[0m
Migrating to CreateUsers (20260118204027)
  [1m[36mTRANSACTION (0.2ms)[0m  [1m[35mBEGIN[0m
  [1m[35m (2.9ms)[0m  [1m[35mCREATE TABLE "users" ("id" bigserial primary key, "name" character varying, "email" character varying, "role" integer, "active" character varying, "boolean" character varying, "created_at" timestamp(6) NOT NULL, "updated_at" timestamp(6) NOT NULL)[0m
  [1m[36mActiveRecord::SchemaMigration Create (0.3ms)[0m  [1m[32mINSERT INTO "schema_migrations" ("version") VALUES ('20260118204027') RETURNING "version"[0m
  [1m[36mTRANSACTION (0.6ms)[0m  [1m[35mCOMMIT[0m
  [1m[35m (0.2ms)[0m  [1m[34mSELECT pg_advisory_unlock(368301832781117235)[0m
  [1m[36mActiveRecord::SchemaMigration Load (0.2ms)[0m  [1m[34mSELECT "schema_migrations"."version" FROM "schema_migrations" ORDER BY "schema_migrations"."version" ASC[0m
  [1m[35m (0.1ms)[0m  [1m[34mSELECT pg_try_advisory_lock(368301832781117235)[0m
  [1m[36mActiveRecord::SchemaMigration Load (0.6ms)[0m  [1m[34mSELECT "schema_migrations"."version" FROM "schema_migrations" ORDER BY "schema_migrations"."version" ASC[0m
  [1m[36mActiveRecord::InternalMetadata Load (0.6ms)[0m  [1m[34mSELECT * FROM "ar_internal_metadata" WHERE "ar_internal_metadata"."key" = $1 ORDER BY "ar_internal_metadata"."key" ASC LIMIT 1[0m  [[nil, "environment"]]
Migrating to AddConstraintsToUsers (20260118204144)
  [1m[36mTRANSACTION (0.2ms)[0m  [1m[35mBEGIN[0m
  [1m[35m (0.4ms)[0m  [1m[35mALTER TABLE "users" ALTER COLUMN "active" SET DEFAULT 't'[0m
  [1m[35m (0.4ms)[0m  [1m[35mALTER TABLE "users" ALTER COLUMN "role" SET DEFAULT 0[0m
  [1m[35m (7.2ms)[0m  [1m[35mCREATE UNIQUE INDEX "index_users_on_email" ON "users" ("email")[0m
  [1m[36mActiveRecord::SchemaMigration Create (0.3ms)[0m  [1m[32mINSERT INTO "schema_migrations" ("version") VALUES ('20260118204144') RETURNING "version"[0m
  [1m[36mTRANSACTION (0.4ms)[0m  [1m[35mCOMMIT[0m
  [1m[35m (0.3ms)[0m  [1m[34mSELECT pg_advisory_unlock(368301832781117235)[0m
  [1m[36mActiveRecord::SchemaMigration Load (0.3ms)[0m  [1m[34mSELECT "schema_migrations"."version" FROM "schema_migrations" ORDER BY "schema_migrations"."version" ASC[0m
Started GET "/" for ::1 at 2026-01-18 17:54:48 -0300
  [1m[36mActiveRecord::SchemaMigration Load (1.0ms)[0m  [1m[34mSELECT "schema_migrations"."version" FROM "schema_migrations" ORDER BY "schema_migrations"."version" ASC[0m
Processing by Rails::WelcomeController#index as HTML
  Rendering /home/fneto/.rbenv/versions/3.2.3/lib/ruby/gems/3.2.0/gems/railties-7.1.6/lib/rails/templates/rails/welcome/index.html.erb
  Rendered /home/fneto/.rbenv/versions/3.2.3/lib/ruby/gems/3.2.0/gems/railties-7.1.6/lib/rails/templates/rails/welcome/index.html.erb (Duration: 1.1ms | Allocations: 379)
Completed 200 OK in 21ms (Views: 11.0ms | ActiveRecord: 0.0ms | Allocations: 4285)


Started GET "/service-worker.js" for ::1 at 2026-01-18 17:54:50 -0300
  
ActionController::RoutingError (No route matches [GET] "/service-worker.js"):
  
Started GET "/users" for ::1 at 2026-01-18 17:54:52 -0300
Processing by UsersController#index as HTML
  Rendering layout layouts/application.html.erb
  Rendering users/index.html.erb within layouts/application
  [1m[36mUser Load (0.8ms)[0m  [1m[34mSELECT "users".* FROM "users"[0m
  ↳ app/views/users/index.html.erb:6
  Rendered users/index.html.erb within layouts/application (Duration: 29.3ms | Allocations: 4559)
  Rendered layout layouts/application.html.erb (Duration: 319.1ms | Allocations: 104999)
Completed 200 OK in 339ms (Views: 316.0ms | ActiveRecord: 4.9ms | Allocations: 114927)


Started GET "/service-worker.js" for ::1 at 2026-01-18 17:54:55 -0300
  
ActionController::RoutingError (No route matches [GET] "/service-worker.js"):
  
Started GET "/users/new" for ::1 at 2026-01-18 17:54:55 -0300
Processing by UsersController#new as HTML
  Rendering layout layouts/application.html.erb
  Rendering users/new.html.erb within layouts/application
  Rendered users/_form.html.erb (Duration: 6.6ms | Allocations: 3018)
  Rendered users/new.html.erb within layouts/application (Duration: 7.5ms | Allocations: 3300)
  Rendered layout layouts/application.html.erb (Duration: 9.1ms | Allocations: 4429)
Completed 200 OK in 34ms (Views: 10.1ms | ActiveRecord: 9.5ms | Allocations: 12127)


